Arguments: 
  C:\Program Files\nodejs\node.exe C:\Program Files (x86)\Yarn\bin\yarn.js add cors

PATH: 
  C:\Program Files\WindowsApps\Microsoft.PowerShell_7.1.0.0_x64__8wekyb3d8bbwe;C:\Python310\Scripts\;C:\Python310\;C:\Program Files (x86)\Common Files\Oracle\Java\javapath;C:\Python38\Scripts\;C:\Python38\;C:\windows\system32;C:\windows;C:\windows\System32\Wbem;C:\windows\System32\WindowsPowerShell\v1.0\;C:\windows\System32\OpenSSH\;C:\Program Files\Microsoft SQL Server\130\Tools\Binn\;C:\ProgramData\chocolatey\bin;C:\Program Files (x86)\Yarn\bin\;C:\Dwimperl\perl\bin;C:\Dwimperl\perl\site\bin;C:\Dwimperl\c\bin;C:\Go\bin;C:\Program Files\PuTTY\;C:\Program Files (x86)\Calibre2\;C:\Program Files\Git\cmd;C:\Python38;C:\Program Files\dotnet\;C:\Program Files\Microsoft SQL Server\Client SDK\ODBC\170\Tools\Binn\;C:\Users\Olanr\AppData\Roaming\nvm;C:\Program Files\nodejs;C:\Users\Olanr\AppData\Local\Android\Sdk\platform-tools;C:\Users\Olanr\AppData\Local\Android\Sdk\tools;C:\Program Files\nodejs\;C:\Users\Olanr\AppData\Local\jdk-11.0.2\bin;C:\Users\Olanr\AppData\Local\Programs\Python\Python39\Scripts\;C:\Users\Olanr\AppData\Local\Programs\Python\Python39\;C:\Users\Olanr\AppData\Local\Microsoft\WindowsApps;C:\Users\Olanr\AppData\Local\Programs\Microsoft VS Code\bin;C:\Users\Olanr\AppData\Local\Yarn\bin;C:\Program Files\heroku\bin;C:\Program Files (x86)\Nmap;C:\Users\Olanr\go\bin;C:\Users\Olanr\AppData\Local\hyper\app-3.0.2\resources\bin;C:\Users\Olanr\.dotnet\tools;C:\Users\Olanr\AppData\Roaming\nvm;C:\Program Files\nodejs;C:\Users\Olanr\AppData\Local\Android\Sdk\platform-tools;C:\Users\Olanr\AppData\Local\Android\Sdk\tools;C:\Users\Olanr\AppData\Roaming\npm

Yarn version: 
  1.22.5

Node version: 
  17.3.0

Platform: 
  win32 x64

Trace: 
  Error: https://registry.yarnpkg.com/date-fns/-/date-fns-2.27.0.tgz: ESOCKETTIMEDOUT
      at ClientRequest.<anonymous> (C:\Program Files (x86)\Yarn\lib\cli.js:141376:19)
      at Object.onceWrapper (node:events:509:28)
      at ClientRequest.emit (node:events:390:28)
      at TLSSocket.emitRequestTimeout (node:_http_client:758:9)
      at Object.onceWrapper (node:events:509:28)
      at TLSSocket.emit (node:events:402:35)
      at TLSSocket.Socket._onTimeout (node:net:501:8)
      at listOnTimeout (node:internal/timers:568:17)
      at processTimers (node:internal/timers:510:7)

npm manifest: 
  {
    "name": "server",
    "version": "1.0.0",
    "description": "",
    "main": "app.js",
    "scripts": {
      "test": "echo \"Error: no test specified\" && exit 1",
      "start": "node server.js",
      "client": "cd clients && yarn start",
      "dev": "concurrently -n 'server,client' -c 'red,green'  \"nodemon server.js\" \"npm run client\""
    },
    "keywords": [],
    "author": "",
    "license": "ISC",
    "dependencies": {
      "@fortawesome/react-fontawesome": "^0.1.16",
      "axios": "^0.24.0",
      "concurrently": "^6.5.1",
      "express": "^4.17.2",
      "faker": "^5.5.3",
      "mongodb": "^4.2.2",
      "mongoose": "^6.1.3",
      "morgan": "^1.10.0"
    },
    "devDependencies": {
      "nodemon": "^2.0.15"
    }
  }

yarn manifest: 
  No manifest

Lockfile: 
  No lockfile
